<?xml version="1.0" encoding="UTF-8"?>
<testng-results skipped="0" failed="0" total="1" passed="1">
  <reporter-output>
  </reporter-output>
  <suite name="Suite" duration-ms="94936" started-at="2020-08-22T21:13:48Z" finished-at="2020-08-22T21:15:22Z">
    <groups>
    </groups>
    <test name="Test" duration-ms="94936" started-at="2020-08-22T21:13:48Z" finished-at="2020-08-22T21:15:22Z">
      <class name="reg.RegTest2">
        <test-method status="PASS" signature="beforeloginScreenTest()[pri:0, instance:reg.RegTest2@59e84876]" name="beforeloginScreenTest" is-config="true" duration-ms="3017" started-at="2020-08-23T02:43:48Z" finished-at="2020-08-23T02:43:51Z">
          <reporter-output>
          </reporter-output>
        </test-method> <!-- beforeloginScreenTest -->
        <test-method status="PASS" signature="loginScreenTest()[pri:0, instance:reg.RegTest2@59e84876]" name="loginScreenTest" duration-ms="91887" started-at="2020-08-23T02:43:51Z" finished-at="2020-08-23T02:45:22Z">
          <reporter-output>
          </reporter-output>
        </test-method> <!-- loginScreenTest -->
      </class> <!-- reg.RegTest2 -->
    </test> <!-- Test -->
  </suite> <!-- Suite -->
</testng-results>
